<?xml version="1.0" encoding="UTF-8"?>
<!-- Generated by org.testng.reporters.JUnitReportReporter -->
<testsuite skipped="0" hostname="DESKTOP-JERQ82S" name="com.automationpractice.Testcases.LoginPageTest" tests="1" failures="0" timestamp="24 Nov 2018 18:41:41 GMT" time="8.345" errors="0">
  <testcase name="loginTest" time="8.345" classname="com.automationpractice.Testcases.LoginPageTest"/>
</testsuite> <!-- com.automationpractice.Testcases.LoginPageTest -->
