<?xml version="1.0" encoding="UTF-8"?>
<!-- Generated by org.testng.reporters.JUnitReportReporter -->
<testsuite skipped="0" hostname="DESKTOP-JERQ82S" name="com.automationpractice.Testcases.HomePageTest" tests="1" failures="0" timestamp="17 Jul 2019 21:45:30 GMT" time="11.614" errors="0">
  <testcase name="hometest" time="11.614" classname="com.automationpractice.Testcases.HomePageTest"/>
</testsuite> <!-- com.automationpractice.Testcases.HomePageTest -->
