<?xml version="1.0" encoding="UTF-8"?>
<!-- Generated by org.testng.reporters.JUnitReportReporter -->
<testsuite skipped="0" hostname="DESKTOP-JERQ82S" name="com.automationpractice.Testcases.VerifyLogin" tests="1" failures="0" timestamp="09 Nov 2018 22:23:07 GMT" time="8.102" errors="0">
  <testcase name="verifyValidLogin" time="8.102" classname="com.automationpractice.Testcases.VerifyLogin"/>
</testsuite> <!-- com.automationpractice.Testcases.VerifyLogin -->
